{"C:\\webDev\\wallet-pal\\src\\actions\\index.js": {"path":"C:\\webDev\\wallet-pal\\src\\actions\\index.js","statementMap":{"0":{"start":{"line":1,"column":23},"end":{"line":1,"column":24}},"1":{"start":{"line":2,"column":31},"end":{"line":10,"column":1}},"2":{"start":{"line":4,"column":2},"end":{"line":9,"column":4}},"3":{"start":{"line":12,"column":31},"end":{"line":20,"column":1}},"4":{"start":{"line":14,"column":2},"end":{"line":19,"column":4}}},"fnMap":{"0":{"name":"(anonymous_0)","decl":{"start":{"line":2,"column":31},"end":{"line":2,"column":32}},"loc":{"start":{"line":2,"column":52},"end":{"line":10,"column":1}},"line":2},"1":{"name":"(anonymous_1)","decl":{"start":{"line":12,"column":31},"end":{"line":12,"column":32}},"loc":{"start":{"line":12,"column":52},"end":{"line":20,"column":1}},"line":12}},"branchMap":{},"s":{"0":1,"1":1,"2":1,"3":1,"4":1},"f":{"0":1,"1":1},"b":{},"_coverageSchema":"332fd63041d2c1bcb487cc26dd0d5f7d97098a6c","hash":"5799cda84b531345abde0b92a0e52c5a3d6b4383"}
,"C:\\webDev\\wallet-pal\\src\\reducers\\index.js": {"path":"C:\\webDev\\wallet-pal\\src\\reducers\\index.js","statementMap":{"0":{"start":{"line":4,"column":25},"end":{"line":6,"column":1}},"1":{"start":{"line":8,"column":29},"end":{"line":38,"column":1}},"2":{"start":{"line":9,"column":2},"end":{"line":37,"column":3}},"3":{"start":{"line":11,"column":6},"end":{"line":21,"column":9}},"4":{"start":{"line":24,"column":6},"end":{"line":34,"column":9}},"5":{"start":{"line":36,"column":6},"end":{"line":36,"column":19}},"6":{"start":{"line":40,"column":26},"end":{"line":43,"column":1}},"7":{"start":{"line":41,"column":19},"end":{"line":41,"column":44}},"8":{"start":{"line":42,"column":2},"end":{"line":42,"column":42}}},"fnMap":{"0":{"name":"(anonymous_0)","decl":{"start":{"line":8,"column":29},"end":{"line":8,"column":30}},"loc":{"start":{"line":8,"column":60},"end":{"line":38,"column":1}},"line":8},"1":{"name":"(anonymous_1)","decl":{"start":{"line":40,"column":26},"end":{"line":40,"column":27}},"loc":{"start":{"line":40,"column":44},"end":{"line":43,"column":1}},"line":40}},"branchMap":{"0":{"loc":{"start":{"line":8,"column":30},"end":{"line":8,"column":47}},"type":"default-arg","locations":[{"start":{"line":8,"column":38},"end":{"line":8,"column":47}}],"line":8},"1":{"loc":{"start":{"line":9,"column":2},"end":{"line":37,"column":3}},"type":"switch","locations":[{"start":{"line":10,"column":4},"end":{"line":21,"column":9}},{"start":{"line":23,"column":4},"end":{"line":34,"column":9}},{"start":{"line":35,"column":4},"end":{"line":36,"column":19}}],"line":9}},"s":{"0":1,"1":1,"2":5,"3":1,"4":1,"5":3,"6":1,"7":1,"8":1},"f":{"0":5,"1":1},"b":{"0":[2],"1":[1,1,3]},"_coverageSchema":"332fd63041d2c1bcb487cc26dd0d5f7d97098a6c","hash":"552e0b74d748260146f50e998102eaaa0354a311"}
,"C:\\webDev\\wallet-pal\\src\\test\\setup.js": {"path":"C:\\webDev\\wallet-pal\\src\\test\\setup.js","statementMap":{"0":{"start":{"line":6,"column":0},"end":{"line":6,"column":45}}},"fnMap":{},"branchMap":{},"s":{"0":2},"f":{},"b":{},"_coverageSchema":"332fd63041d2c1bcb487cc26dd0d5f7d97098a6c","hash":"1d4861e8e729c4b85c01a166a0085bf9c3dfdc50"}
}
