TN:
SF:C:\webDev\wallet-pal\src\actions\index.js
FN:2,(anonymous_0)
FN:12,(anonymous_1)
FNF:2
FNH:2
FNDA:1,(anonymous_0)
FNDA:1,(anonymous_1)
DA:1,1
DA:2,1
DA:4,1
DA:12,1
DA:14,1
LF:5
LH:5
BRF:0
BRH:0
end_of_record
TN:
SF:C:\webDev\wallet-pal\src\reducers\index.js
FN:8,(anonymous_0)
FN:40,(anonymous_1)
FNF:2
FNH:2
FNDA:5,(anonymous_0)
FNDA:1,(anonymous_1)
DA:4,1
DA:8,1
DA:9,5
DA:11,1
DA:24,1
DA:36,3
DA:40,1
DA:41,1
DA:42,1
LF:9
LH:9
BRDA:8,0,0,2
BRDA:9,1,0,1
BRDA:9,1,1,1
BRDA:9,1,2,3
BRF:4
BRH:4
end_of_record
TN:
SF:C:\webDev\wallet-pal\src\test\setup.js
FNF:0
FNH:0
DA:6,2
LF:1
LH:1
BRF:0
BRH:0
end_of_record
